<?xml version="1.0" encoding="UTF-8"?>
<!-- Generated by org.testng.reporters.JUnitXMLReporter -->
<testsuite hostname="JAIN07" ignored="0" name="project-2-luma-project-factory" tests="1" failures="1" timestamp="2023-07-17T20:12:20 BST" time="10.875" errors="0">
  <testcase name="userShouldAddProductSuccessFullyToShoppingCart" time="4.045" classname="com.softwaretestingboard.magento.testsuite.GearPageTest">
    <failure type="java.lang.NullPointerException">
      <![CDATA[java.lang.NullPointerException
at com.softwaretestingboard.magento.testsuite.GearPageTest.userShouldAddProductSuccessFullyToShoppingCart(GearPageTest.java:28)
at java.util.ArrayList.forEach(ArrayList.java:1249)
at com.intellij.rt.testng.IDEARemoteTestNG.run(IDEARemoteTestNG.java:66)
at com.intellij.rt.testng.RemoteTestNGStarter.main(RemoteTestNGStarter.java:105)
... Removed 24 stack frames]]>
    </failure>
  </testcase> <!-- userShouldAddProductSuccessFullyToShoppingCart -->
</testsuite> <!-- project-2-luma-project-factory -->
